<?xml version="1.0" encoding="UTF-8"?>
<!-- Generated by org.testng.reporters.JUnitXMLReporter -->
<testsuite ignored="19" hostname="DESKTOP-HE7T000" failures="1" tests="1" name="Default test" time="13.5" errors="0" timestamp="2024-01-19T21:58:04 IST">
  <testcase classname="com.testcases.TestCase" name="verifyPriceFilter" time="9.306">
    <failure type="org.openqa.selenium.StaleElementReferenceException" message="stale element reference: stale element not found
  (Session info: chrome=120.0.6099.225)
For documentation on this error, please visit: https://www.selenium.dev/documentation/webdriver/troubleshooting/errors#stale-element-reference-exception
Build info: version: &amp;apos;4.14.1&amp;apos;, revision: &amp;apos;03f8ede370&amp;apos;
System info: os.name: &amp;apos;Windows 10&amp;apos;, os.arch: &amp;apos;amd64&amp;apos;, os.version: &amp;apos;10.0&amp;apos;, java.version: &amp;apos;17.0.8&amp;apos;
Driver info: org.openqa.selenium.chrome.ChromeDriver
Command: [080b30c682dd088c4015ab5f2aebb7bc, getElementText {id=DFB199ACB006DD2621002CCC4755C1AD_element_94}]
Capabilities {acceptInsecureCerts: false, browserName: chrome, browserVersion: 120.0.6099.225, chrome: {chromedriverVersion: 120.0.6099.109 (3419140ab66..., userDataDir: C:\Users\Shree\AppData\Loca...}, fedcm:accounts: true, goog:chromeOptions: {debuggerAddress: localhost:51097}, networkConnectionEnabled: false, pageLoadStrategy: normal, platformName: windows, proxy: Proxy(), se:cdp: ws://localhost:51097/devtoo..., se:cdpVersion: 120.0.6099.225, setWindowRect: true, strictFileInteractability: false, timeouts: {implicit: 0, pageLoad: 300000, script: 30000}, unhandledPromptBehavior: dismiss and notify, webauthn:extension:credBlob: true, webauthn:extension:largeBlob: true, webauthn:extension:minPinLength: true, webauthn:extension:prf: true, webauthn:virtualAuthenticators: true}
Element: [[ChromeDriver: chrome on windows (080b30c682dd088c4015ab5f2aebb7bc)] -&amp;gt; css selector: h4[class=&amp;quot;product-product&amp;quot;]]
Session ID: 080b30c682dd088c4015ab5f2aebb7bc">
      <![CDATA[org.openqa.selenium.StaleElementReferenceException: stale element reference: stale element not found
  (Session info: chrome=120.0.6099.225)
For documentation on this error, please visit: https://www.selenium.dev/documentation/webdriver/troubleshooting/errors#stale-element-reference-exception
Build info: version: '4.14.1', revision: '03f8ede370'
System info: os.name: 'Windows 10', os.arch: 'amd64', os.version: '10.0', java.version: '17.0.8'
Driver info: org.openqa.selenium.chrome.ChromeDriver
Command: [080b30c682dd088c4015ab5f2aebb7bc, getElementText {id=DFB199ACB006DD2621002CCC4755C1AD_element_94}]
Capabilities {acceptInsecureCerts: false, browserName: chrome, browserVersion: 120.0.6099.225, chrome: {chromedriverVersion: 120.0.6099.109 (3419140ab66..., userDataDir: C:\Users\Shree\AppData\Loca...}, fedcm:accounts: true, goog:chromeOptions: {debuggerAddress: localhost:51097}, networkConnectionEnabled: false, pageLoadStrategy: normal, platformName: windows, proxy: Proxy(), se:cdp: ws://localhost:51097/devtoo..., se:cdpVersion: 120.0.6099.225, setWindowRect: true, strictFileInteractability: false, timeouts: {implicit: 0, pageLoad: 300000, script: 30000}, unhandledPromptBehavior: dismiss and notify, webauthn:extension:credBlob: true, webauthn:extension:largeBlob: true, webauthn:extension:minPinLength: true, webauthn:extension:prf: true, webauthn:virtualAuthenticators: true}
Element: [[ChromeDriver: chrome on windows (080b30c682dd088c4015ab5f2aebb7bc)] -> css selector: h4[class="product-product"]]
Session ID: 080b30c682dd088c4015ab5f2aebb7bc
at java.base/jdk.internal.reflect.NativeConstructorAccessorImpl.newInstance0(Native Method)
at java.base/jdk.internal.reflect.NativeConstructorAccessorImpl.newInstance(NativeConstructorAccessorImpl.java:77)
at java.base/jdk.internal.reflect.DelegatingConstructorAccessorImpl.newInstance(DelegatingConstructorAccessorImpl.java:45)
at java.base/java.lang.reflect.Constructor.newInstanceWithCaller(Constructor.java:499)
at java.base/java.lang.reflect.Constructor.newInstance(Constructor.java:480)
at org.openqa.selenium.remote.codec.w3c.W3CHttpResponseCodec.createException(W3CHttpResponseCodec.java:200)
at org.openqa.selenium.remote.codec.w3c.W3CHttpResponseCodec.decode(W3CHttpResponseCodec.java:133)
at org.openqa.selenium.remote.codec.w3c.W3CHttpResponseCodec.decode(W3CHttpResponseCodec.java:52)
at org.openqa.selenium.remote.HttpCommandExecutor.execute(HttpCommandExecutor.java:191)
at org.openqa.selenium.remote.service.DriverCommandExecutor.invokeExecute(DriverCommandExecutor.java:200)
at org.openqa.selenium.remote.service.DriverCommandExecutor.execute(DriverCommandExecutor.java:175)
at org.openqa.selenium.remote.RemoteWebDriver.execute(RemoteWebDriver.java:602)
at org.openqa.selenium.remote.RemoteWebElement.execute(RemoteWebElement.java:224)
at org.openqa.selenium.remote.RemoteWebElement.getText(RemoteWebElement.java:192)
at com.testcases.TestCase.verifyPriceFilter(TestCase.java:237)
at java.base/jdk.internal.reflect.NativeMethodAccessorImpl.invoke0(Native Method)
at java.base/jdk.internal.reflect.NativeMethodAccessorImpl.invoke(NativeMethodAccessorImpl.java:77)
at java.base/jdk.internal.reflect.DelegatingMethodAccessorImpl.invoke(DelegatingMethodAccessorImpl.java:43)
at java.base/java.lang.reflect.Method.invoke(Method.java:568)
at org.testng.internal.invokers.MethodInvocationHelper.invokeMethod(MethodInvocationHelper.java:139)
at org.testng.internal.invokers.TestInvoker.invokeMethod(TestInvoker.java:677)
at org.testng.internal.invokers.TestInvoker.invokeTestMethod(TestInvoker.java:221)
at org.testng.internal.invokers.MethodRunner.runInSequence(MethodRunner.java:50)
at org.testng.internal.invokers.TestInvoker$MethodInvocationAgent.invoke(TestInvoker.java:969)
at org.testng.internal.invokers.TestInvoker.invokeTestMethods(TestInvoker.java:194)
at org.testng.internal.invokers.TestMethodWorker.invokeTestMethods(TestMethodWorker.java:148)
at org.testng.internal.invokers.TestMethodWorker.run(TestMethodWorker.java:128)
at java.base/java.util.ArrayList.forEach(ArrayList.java:1511)
at org.testng.TestRunner.privateRun(TestRunner.java:829)
at org.testng.TestRunner.run(TestRunner.java:602)
at org.testng.SuiteRunner.runTest(SuiteRunner.java:437)
at org.testng.SuiteRunner.runSequentially(SuiteRunner.java:431)
at org.testng.SuiteRunner.privateRun(SuiteRunner.java:391)
at org.testng.SuiteRunner.run(SuiteRunner.java:330)
at org.testng.SuiteRunnerWorker.runSuite(SuiteRunnerWorker.java:52)
at org.testng.SuiteRunnerWorker.run(SuiteRunnerWorker.java:95)
at org.testng.TestNG.runSuitesSequentially(TestNG.java:1256)
at org.testng.TestNG.runSuitesLocally(TestNG.java:1176)
at org.testng.TestNG.runSuites(TestNG.java:1099)
at org.testng.TestNG.run(TestNG.java:1067)
at org.testng.remote.AbstractRemoteTestNG.run(AbstractRemoteTestNG.java:115)
at org.testng.remote.RemoteTestNG.initAndRun(RemoteTestNG.java:251)
at org.testng.remote.RemoteTestNG.main(RemoteTestNG.java:77)
]]>
    </failure>
  </testcase> <!-- verifyPriceFilter -->
  <testcase classname="com.testcases.TestCase" name="verifyAddToCartHeadphone" time="0.0">
    <ignored/>
  </testcase> <!-- verifyAddToCartHeadphone -->
  <testcase classname="com.testcases.TestCase" name="verifyProductFilter" time="0.0">
    <ignored/>
  </testcase> <!-- verifyProductFilter -->
  <testcase classname="com.testcases.TestCase" name="verifyManagoBrandProducts" time="0.0">
    <ignored/>
  </testcase> <!-- verifyManagoBrandProducts -->
  <testcase classname="com.testcases.TestCase" name="verifySearchHnMUsingPageObjectModel" time="0.0">
    <ignored/>
  </testcase> <!-- verifySearchHnMUsingPageObjectModel -->
  <testcase classname="com.testcases.TestCase" name="verifyBrsrCompatibility" time="0.0">
    <ignored/>
  </testcase> <!-- verifyBrsrCompatibility -->
  <testcase classname="com.testcases.TestCase" name="verifyInstagramlinkOnMyntraUsingPageObjectModel" time="0.0">
    <ignored/>
  </testcase> <!-- verifyInstagramlinkOnMyntraUsingPageObjectModel -->
  <testcase classname="com.testcases.TestCase" name="verifyWishListAddProduct" time="0.0">
    <ignored/>
  </testcase> <!-- verifyWishListAddProduct -->
  <testcase classname="com.testcases.TestCase" name="verifyManagoBrandProductsUsingPage" time="0.0">
    <ignored/>
  </testcase> <!-- verifyManagoBrandProductsUsingPage -->
  <testcase classname="com.testcases.TestCase" name="verifyHnMProducts" time="0.0">
    <ignored/>
  </testcase> <!-- verifyHnMProducts -->
  <testcase classname="com.testcases.TestCase" name="verifyAddHeadphoneToCart" time="0.0">
    <ignored/>
  </testcase> <!-- verifyAddHeadphoneToCart -->
  <testcase classname="com.testcases.TestCase" name="verifyMyntraLoginPage" time="0.0">
    <ignored/>
  </testcase> <!-- verifyMyntraLoginPage -->
  <testcase classname="com.testcases.TestCase" name="verifyMyntraLoginPageUsingPage" time="0.0">
    <ignored/>
  </testcase> <!-- verifyMyntraLoginPageUsingPage -->
  <testcase classname="com.testcases.TestCase" name="verifyLatestOffersOnMyntraUsingPageObjectModel" time="0.0">
    <ignored/>
  </testcase> <!-- verifyLatestOffersOnMyntraUsingPageObjectModel -->
  <testcase classname="com.testcases.TestCase" name="verifyWishListAddProductUsingPageObjectModel" time="0.0">
    <ignored/>
  </testcase> <!-- verifyWishListAddProductUsingPageObjectModel -->
  <testcase classname="com.testcases.TestCase" name="verifyTagNavigation" time="0.0">
    <ignored/>
  </testcase> <!-- verifyTagNavigation -->
  <testcase classname="com.testcases.TestCase" name="verifyLatestOffersOnMyntra" time="0.0">
    <ignored/>
  </testcase> <!-- verifyLatestOffersOnMyntra -->
  <testcase classname="com.testcases.TestCase" name="verifyNavigation" time="0.0">
    <ignored/>
  </testcase> <!-- verifyNavigation -->
  <testcase classname="com.testcases.TestCase" name="verifyBrowserCompatibility" time="0.0">
    <ignored/>
  </testcase> <!-- verifyBrowserCompatibility -->
  <testcase classname="com.testcases.TestCase" name="verifyInstagramlinkOnMyntra" time="0.0">
    <ignored/>
  </testcase> <!-- verifyInstagramlinkOnMyntra -->
</testsuite> <!-- Default test -->
